gyp info it worked if it ends with ok
gyp info using node-gyp@9.0.0
gyp info using node@16.15.1 | win32 | x64
gyp info find Python using Python version 3.10.5 found at "C:\Users\popov\AppData\Local\Programs\Python\Python310\python.exe"
gyp http GET https://nodejs.org/download/release/v16.15.1/node-v16.15.1-headers.tar.gz
gyp http 200 https://nodejs.org/download/release/v16.15.1/node-v16.15.1-headers.tar.gz
gyp http GET https://nodejs.org/download/release/v16.15.1/SHASUMS256.txt
gyp http GET https://nodejs.org/download/release/v16.15.1/win-x86/node.lib
gyp http GET https://nodejs.org/download/release/v16.15.1/win-x64/node.lib
gyp http GET https://nodejs.org/download/release/v16.15.1/win-arm64/node.lib
gyp http 200 https://nodejs.org/download/release/v16.15.1/SHASUMS256.txt
gyp http 404 https://nodejs.org/download/release/v16.15.1/win-arm64/node.lib
gyp http 200 https://nodejs.org/download/release/v16.15.1/win-x64/node.lib
gyp http 200 https://nodejs.org/download/release/v16.15.1/win-x86/node.lib
gyp info find VS using VS2022 (17.0.32014.148) found at:
gyp info find VS "C:\Program Files\Microsoft Visual Studio\2022\Community"
gyp info find VS run with --verbose for detailed information
gyp info spawn C:\Users\popov\AppData\Local\Programs\Python\Python310\python.exe
gyp info spawn args [
gyp info spawn args   'C:\\Program Files\\nodejs\\node_modules\\npm\\node_modules\\node-gyp\\gyp\\gyp_main.py',
gyp info spawn args   'binding.gyp',
gyp info spawn args   '-f',
gyp info spawn args   'msvs',
gyp info spawn args   '-I',
gyp info spawn args   'C:\\Users\\popov\\vsprojs\\react-app\\node_modules\\uws\\build\\config.gypi',
gyp info spawn args   '-I',
gyp info spawn args   'C:\\Program Files\\nodejs\\node_modules\\npm\\node_modules\\node-gyp\\addon.gypi',
gyp info spawn args   '-I',
gyp info spawn args   'C:\\Users\\popov\\AppData\\Local\\node-gyp\\Cache\\16.15.1\\include\\node\\common.gypi',
gyp info spawn args   '-Dlibrary=shared_library',
gyp info spawn args   '-Dvisibility=default',
gyp info spawn args   '-Dnode_root_dir=C:\\Users\\popov\\AppData\\Local\\node-gyp\\Cache\\16.15.1',
gyp info spawn args   '-Dnode_gyp_dir=C:\\Program Files\\nodejs\\node_modules\\npm\\node_modules\\node-gyp',
gyp info spawn args   '-Dnode_lib_file=C:\\\\Users\\\\popov\\\\AppData\\\\Local\\\\node-gyp\\\\Cache\\\\16.15.1\\\\<(target_arch)\\\\node.lib',
gyp info spawn args   '-Dmodule_root_dir=C:\\Users\\popov\\vsprojs\\react-app\\node_modules\\uws',
gyp info spawn args   '-Dnode_engine=v8',
gyp info spawn args   '--depth=.',
gyp info spawn args   '--no-parallel',
gyp info spawn args   '--generator-output',
gyp info spawn args   'C:\\Users\\popov\\vsprojs\\react-app\\node_modules\\uws\\build',
gyp info spawn args   '-Goutput_dir=.'
gyp info spawn args ]
gyp info spawn C:\Program Files\Microsoft Visual Studio\2022\Community\MSBuild\Current\Bin\MSBuild.exe
gyp info spawn args [
gyp info spawn args   'build/binding.sln',
gyp info spawn args   '/clp:Verbosity=minimal',
gyp info spawn args   '/nologo',
gyp info spawn args   '/p:Configuration=Release;Platform=x64'
gyp info spawn args ]
Выполняется последовательная сборка проектов в этом решении. Чтобы включить параллельную сборку, добавьте параметр "-m".
  Extensions.cpp
  Group.cpp
  Networking.cpp
  Hub.cpp
C:\Users\popov\vsprojs\react-app\node_modules\uws\src\Hub.cpp(175,17): warning C4530: Использован обработчик исключений C++, но семантика уничтожения объектов не включена. Задайте параметр /EHsc [C:\Users\popov\vsprojs\react-app\node_modules\uws\build\uws.vcxproj]
  Node.cpp
  WebSocket.cpp
  HTTPSocket.cpp
  Socket.cpp
  addon.cpp
C:\Users\popov\vsprojs\react-app\node_modules\uws\src\addon.h(21,15): warning C4996: 'node::MakeCallback': объявлен deprecate [C:\Users\popov\vsprojs\react-app\node_modules\uws\build\uws.vcxproj]
C:\Users\popov\vsprojs\react-app\node_modules\uws\src\addon.h(37,1): error C2664: "v8::String::Utf8Value::Utf8Value(const v8::String::Utf8Value &)": невозможно преобразовать аргумент 1 из "const v8::Local<v8::Value>" в "const v8::String::Utf8Value &" [C:\Users\popov\vsprojs\react-app\node_modules\uws\build\uws.vcxproj]
C:\Users\popov\vsprojs\react-app\node_modules\uws\src\addon.h(37,1): message : Причина: невозможно преобразовать "const v8::Local<v8::Value>" в "const v8::String::Utf8Value" [C:\Users\popov\vsprojs\react-app\node_modules\uws\build\uws.vcxproj]
C:\Users\popov\vsprojs\react-app\node_modules\uws\src\addon.h(37,65): message : Для выполнения данного преобразования нет доступного оператора преобразования, определенного пользователем, или вызов оператора невозможен [C:\Users\popov\vsprojs\react-app\node_modules\uws\build\uws.vcxproj]
C:\Users\popov\AppData\Local\node-gyp\Cache\16.15.1\include\node\v8.h(3588,5): message : см. объявление "v8::String::Utf8Value::Utf8Value" [C:\Users\popov\vsprojs\react-app\node_modules\uws\build\uws.vcxproj]
C:\Users\popov\vsprojs\react-app\node_modules\uws\src\addon.h(45,71): warning C4996: 'v8::ArrayBuffer::GetContents': Use GetBackingStore. See http://crbug.com/v8/9908. [C:\Users\popov\vsprojs\react-app\node_modules\uws\build\uws.vcxproj]
C:\Users\popov\vsprojs\react-app\node_modules\uws\src\addon.h(50,57): warning C4996: 'v8::ArrayBuffer::GetContents': Use GetBackingStore. See http://crbug.com/v8/9908. [C:\Users\popov\vsprojs\react-app\node_modules\uws\build\uws.vcxproj]
C:\Users\popov\vsprojs\react-app\node_modules\uws\src\addon.h(102,174): error C2039: "kNormalString": не является членом "v8::String". [C:\Users\popov\vsprojs\react-app\node_modules\uws\build\uws.vcxproj]
C:\Users\popov\AppData\Local\node-gyp\Cache\16.15.1\include\node\v8.h(3198): message : см. объявление "v8::String" [C:\Users\popov\vsprojs\react-app\node_modules\uws\build\uws.vcxproj]
C:\Users\popov\vsprojs\react-app\node_modules\uws\src\addon.h(102,187): error C2065: kNormalString: необъявленный идентификатор [C:\Users\popov\vsprojs\react-app\node_modules\uws\build\uws.vcxproj]
C:\Users\popov\vsprojs\react-app\node_modules\uws\src\addon.h(225,60): error C2660: v8::Value::ToObject: функция не принимает 0 аргументов [C:\Users\popov\vsprojs\react-app\node_modules\uws\build\uws.vcxproj]
C:\Users\popov\AppData\Local\node-gyp\Cache\16.15.1\include\node\v8.h(3060,44): message : см. объявление "v8::Value::ToObject" [C:\Users\popov\vsprojs\react-app\node_modules\uws\build\uws.vcxproj]
C:\Users\popov\vsprojs\react-app\node_modules\uws\src\addon.h(227,44): error C2660: v8::Value::IntegerValue: функция не принимает 0 аргументов [C:\Users\popov\vsprojs\react-app\node_modules\uws\build\uws.vcxproj]
C:\Users\popov\AppData\Local\node-gyp\Cache\16.15.1\include\node\v8.h(3101,40): message : см. объявление "v8::Value::IntegerValue" [C:\Users\popov\vsprojs\react-app\node_modules\uws\build\uws.vcxproj]
C:\Users\popov\vsprojs\react-app\node_modules\uws\src\addon.h(341,15): warning C4996: 'node::MakeCallback': объявлен deprecate [C:\Users\popov\vsprojs\react-app\node_modules\uws\build\uws.vcxproj]
C:\Users\popov\vsprojs\react-app\node_modules\uws\src\addon.h(405,1): error C2660: v8::Function::Call: функция не принимает 3 аргументов [C:\Users\popov\vsprojs\react-app\node_modules\uws\build\uws.vcxproj]
C:\Users\popov\AppData\Local\node-gyp\Cache\16.15.1\include\node\v8.h(4776,43): message : см. объявление "v8::Function::Call" [C:\Users\popov\vsprojs\react-app\node_modules\uws\build\uws.vcxproj]
C:\Users\popov\vsprojs\react-app\node_modules\uws\src\addon.h(418,48): error C2660: v8::Value::IntegerValue: функция не принимает 0 аргументов [C:\Users\popov\vsprojs\react-app\node_modules\uws\build\uws.vcxproj]
C:\Users\popov\AppData\Local\node-gyp\Cache\16.15.1\include\node\v8.h(3101,40): message : см. объявление "v8::Value::IntegerValue" [C:\Users\popov\vsprojs\react-app\node_modules\uws\build\uws.vcxproj]
C:\Users\popov\vsprojs\react-app\node_modules\uws\src\addon.h(427,38): error C2660: v8::Value::IntegerValue: функция не принимает 0 аргументов [C:\Users\popov\vsprojs\react-app\node_modules\uws\build\uws.vcxproj]
C:\Users\popov\AppData\Local\node-gyp\Cache\16.15.1\include\node\v8.h(3101,40): message : см. объявление "v8::Value::IntegerValue" [C:\Users\popov\vsprojs\react-app\node_modules\uws\build\uws.vcxproj]
C:\Users\popov\vsprojs\react-app\node_modules\uws\src\http.h(31,123): error C2039: "kNormalString": не является членом "v8::String". [C:\Users\popov\vsprojs\react-app\node_modules\uws\build\uws.vcxproj]
C:\Users\popov\AppData\Local\node-gyp\Cache\16.15.1\include\node\v8.h(3198): message : см. объявление "v8::String" [C:\Users\popov\vsprojs\react-app\node_modules\uws\build\uws.vcxproj]
C:\Users\popov\vsprojs\react-app\node_modules\uws\src\http.h(31,1): error C2065: kNormalString: необъявленный идентификатор [C:\Users\popov\vsprojs\react-app\node_modules\uws\build\uws.vcxproj]
C:\Users\popov\vsprojs\react-app\node_modules\uws\src\http.h(42,1): warning C4311: приведение типов: усечение указателя из "void *" в "long" [C:\Users\popov\vsprojs\react-app\node_modules\uws\build\uws.vcxproj]
C:\Users\popov\vsprojs\react-app\node_modules\uws\src\http.h(42,1): warning C4302: приведение типов: усечение из "void *" к "long" [C:\Users\popov\vsprojs\react-app\node_modules\uws\build\uws.vcxproj]
C:\Users\popov\vsprojs\react-app\node_modules\uws\src\http.h(45,112): error C2039: "kNormalString": не является членом "v8::String". [C:\Users\popov\vsprojs\react-app\node_modules\uws\build\uws.vcxproj]
C:\Users\popov\AppData\Local\node-gyp\Cache\16.15.1\include\node\v8.h(3198): message : см. объявление "v8::String" [C:\Users\popov\vsprojs\react-app\node_modules\uws\build\uws.vcxproj]
C:\Users\popov\vsprojs\react-app\node_modules\uws\src\http.h(45,1): error C2065: kNormalString: необъявленный идентификатор [C:\Users\popov\vsprojs\react-app\node_modules\uws\build\uws.vcxproj]
C:\Users\popov\vsprojs\react-app\node_modules\uws\src\http.h(48,112): error C2039: "kNormalString": не является членом "v8::String". [C:\Users\popov\vsprojs\react-app\node_modules\uws\build\uws.vcxproj]
C:\Users\popov\AppData\Local\node-gyp\Cache\16.15.1\include\node\v8.h(3198): message : см. объявление "v8::String" [C:\Users\popov\vsprojs\react-app\node_modules\uws\build\uws.vcxproj]
C:\Users\popov\vsprojs\react-app\node_modules\uws\src\http.h(48,1): error C2065: kNormalString: необъявленный идентификатор [C:\Users\popov\vsprojs\react-app\node_modules\uws\build\uws.vcxproj]
C:\Users\popov\vsprojs\react-app\node_modules\uws\src\http.h(51,113): error C2039: "kNormalString": не является членом "v8::String". [C:\Users\popov\vsprojs\react-app\node_modules\uws\build\uws.vcxproj]
C:\Users\popov\AppData\Local\node-gyp\Cache\16.15.1\include\node\v8.h(3198): message : см. объявление "v8::String" [C:\Users\popov\vsprojs\react-app\node_modules\uws\build\uws.vcxproj]
C:\Users\popov\vsprojs\react-app\node_modules\uws\src\http.h(51,1): error C2065: kNormalString: необъявленный идентификатор [C:\Users\popov\vsprojs\react-app\node_modules\uws\build\uws.vcxproj]
C:\Users\popov\vsprojs\react-app\node_modules\uws\src\http.h(54,113): error C2039: "kNormalString": не является членом "v8::String". [C:\Users\popov\vsprojs\react-app\node_modules\uws\build\uws.vcxproj]
C:\Users\popov\AppData\Local\node-gyp\Cache\16.15.1\include\node\v8.h(3198): message : см. объявление "v8::String" [C:\Users\popov\vsprojs\react-app\node_modules\uws\build\uws.vcxproj]
C:\Users\popov\vsprojs\react-app\node_modules\uws\src\http.h(54,1): error C2065: kNormalString: необъявленный идентификатор [C:\Users\popov\vsprojs\react-app\node_modules\uws\build\uws.vcxproj]
C:\Users\popov\vsprojs\react-app\node_modules\uws\src\http.h(57,114): error C2039: "kNormalString": не является членом "v8::String". [C:\Users\popov\vsprojs\react-app\node_modules\uws\build\uws.vcxproj]
C:\Users\popov\AppData\Local\node-gyp\Cache\16.15.1\include\node\v8.h(3198): message : см. объявление "v8::String" [C:\Users\popov\vsprojs\react-app\node_modules\uws\build\uws.vcxproj]
C:\Users\popov\vsprojs\react-app\node_modules\uws\src\http.h(57,1): error C2065: kNormalString: необъявленный идентификатор [C:\Users\popov\vsprojs\react-app\node_modules\uws\build\uws.vcxproj]
C:\Users\popov\vsprojs\react-app\node_modules\uws\src\http.h(60,114): error C2039: "kNormalString": не является членом "v8::String". [C:\Users\popov\vsprojs\react-app\node_modules\uws\build\uws.vcxproj]
C:\Users\popov\AppData\Local\node-gyp\Cache\16.15.1\include\node\v8.h(3198): message : см. объявление "v8::String" [C:\Users\popov\vsprojs\react-app\node_modules\uws\build\uws.vcxproj]
C:\Users\popov\vsprojs\react-app\node_modules\uws\src\http.h(60,1): error C2065: kNormalString: необъявленный идентификатор [C:\Users\popov\vsprojs\react-app\node_modules\uws\build\uws.vcxproj]
C:\Users\popov\vsprojs\react-app\node_modules\uws\src\http.h(63,115): error C2039: "kNormalString": не является членом "v8::String". [C:\Users\popov\vsprojs\react-app\node_modules\uws\build\uws.vcxproj]
C:\Users\popov\AppData\Local\node-gyp\Cache\16.15.1\include\node\v8.h(3198): message : см. объявление "v8::String" [C:\Users\popov\vsprojs\react-app\node_modules\uws\build\uws.vcxproj]
C:\Users\popov\vsprojs\react-app\node_modules\uws\src\http.h(63,1): error C2065: kNormalString: необъявленный идентификатор [C:\Users\popov\vsprojs\react-app\node_modules\uws\build\uws.vcxproj]
C:\Users\popov\vsprojs\react-app\node_modules\uws\src\http.h(66,116): error C2039: "kNormalString": не является членом "v8::String". [C:\Users\popov\vsprojs\react-app\node_modules\uws\build\uws.vcxproj]
C:\Users\popov\AppData\Local\node-gyp\Cache\16.15.1\include\node\v8.h(3198): message : см. объявление "v8::String" [C:\Users\popov\vsprojs\react-app\node_modules\uws\build\uws.vcxproj]
C:\Users\popov\vsprojs\react-app\node_modules\uws\src\http.h(66,1): error C2065: kNormalString: необъявленный идентификатор [C:\Users\popov\vsprojs\react-app\node_modules\uws\build\uws.vcxproj]
C:\Users\popov\vsprojs\react-app\node_modules\uws\src\http.h(69,116): error C2039: "kNormalString": не является членом "v8::String". [C:\Users\popov\vsprojs\react-app\node_modules\uws\build\uws.vcxproj]
C:\Users\popov\AppData\Local\node-gyp\Cache\16.15.1\include\node\v8.h(3198): message : см. объявление "v8::String" [C:\Users\popov\vsprojs\react-app\node_modules\uws\build\uws.vcxproj]
C:\Users\popov\vsprojs\react-app\node_modules\uws\src\http.h(69,1): error C2065: kNormalString: необъявленный идентификатор [C:\Users\popov\vsprojs\react-app\node_modules\uws\build\uws.vcxproj]
C:\Users\popov\vsprojs\react-app\node_modules\uws\src\http.h(90,1): error C2664: "void v8::FunctionTemplate::SetClassName(v8::Local<v8::String>)": невозможно преобразовать аргумент 1 из "v8::MaybeLocal<v8::String>" в "v8::Local<v8::String>" [C:\Users\popov\vsprojs\react-app\node_modules\uws\build\uws.vcxproj]
C:\Users\popov\vsprojs\react-app\node_modules\uws\src\http.h(90,63): message : Для выполнения данного преобразования нет доступного оператора преобразования, определенного пользователем, или вызов оператора невозможен [C:\Users\popov\vsprojs\react-app\node_modules\uws\build\uws.vcxproj]
C:\Users\popov\AppData\Local\node-gyp\Cache\16.15.1\include\node\v8.h(6868,8): message : см. объявление "v8::FunctionTemplate::SetClassName" [C:\Users\popov\vsprojs\react-app\node_modules\uws\build\uws.vcxproj]
C:\Users\popov\vsprojs\react-app\node_modules\uws\src\http.h(92,1): error C2664: "void v8::ObjectTemplate::SetAccessor(v8::Local<v8::String>,v8::AccessorGetterCallback,v8::AccessorSetterCallback,v8::Local<v8::Value>,v8::AccessControl,v8::PropertyAttribute,v8::Local<v8::AccessorSignature>,v8::SideEffectType,v8::SideEffectType)": невозможно преобразовать аргумент 1 из "v8::MaybeLocal<v8::String>" в "v8::Local<v8::String>" [C:\Users\popov\vsprojs\react-app\node_modules\uws\build\uws.vcxproj]
C:\Users\popov\vsprojs\react-app\node_modules\uws\src\http.h(92,83): message : Для выполнения данного преобразования нет доступного оператора преобразования, определенного пользователем, или вызов оператора невозможен [C:\Users\popov\vsprojs\react-app\node_modules\uws\build\uws.vcxproj]
C:\Users\popov\AppData\Local\node-gyp\Cache\16.15.1\include\node\v8.h(7133,8): message : см. объявление "v8::ObjectTemplate::SetAccessor" [C:\Users\popov\vsprojs\react-app\node_modules\uws\build\uws.vcxproj]
C:\Users\popov\vsprojs\react-app\node_modules\uws\src\http.h(93,1): error C2664: "void v8::ObjectTemplate::SetAccessor(v8::Local<v8::String>,v8::AccessorGetterCallback,v8::AccessorSetterCallback,v8::Local<v8::Value>,v8::AccessControl,v8::PropertyAttribute,v8::Local<v8::AccessorSignature>,v8::SideEffectType,v8::SideEffectType)": невозможно преобразовать аргумент 1 из "v8::MaybeLocal<v8::String>" в "v8::Local<v8::String>" [C:\Users\popov\vsprojs\react-app\node_modules\uws\build\uws.vcxproj]
C:\Users\popov\vsprojs\react-app\node_modules\uws\src\http.h(93,83): message : Для выполнения данного преобразования нет доступного оператора преобразования, определенного пользователем, или вызов оператора невозможен [C:\Users\popov\vsprojs\react-app\node_modules\uws\build\uws.vcxproj]
C:\Users\popov\AppData\Local\node-gyp\Cache\16.15.1\include\node\v8.h(7133,8): message : см. объявление "v8::ObjectTemplate::SetAccessor" [C:\Users\popov\vsprojs\react-app\node_modules\uws\build\uws.vcxproj]
C:\Users\popov\vsprojs\react-app\node_modules\uws\src\http.h(94,1): error C2664: "void v8::Template::Set(v8::Local<v8::Name>,v8::Local<v8::Data>,v8::PropertyAttribute)": невозможно преобразовать аргумент 1 из "v8::MaybeLocal<v8::String>" в "v8::Local<v8::Name>" [C:\Users\popov\vsprojs\react-app\node_modules\uws\build\uws.vcxproj]
C:\Users\popov\vsprojs\react-app\node_modules\uws\src\http.h(94,75): message : Для выполнения данного преобразования нет доступного оператора преобразования, определенного пользователем, или вызов оператора невозможен [C:\Users\popov\vsprojs\react-app\node_modules\uws\build\uws.vcxproj]
C:\Users\popov\AppData\Local\node-gyp\Cache\16.15.1\include\node\v8.h(6347,8): message : см. объявление "v8::Template::Set" [C:\Users\popov\vsprojs\react-app\node_modules\uws\build\uws.vcxproj]
C:\Users\popov\vsprojs\react-app\node_modules\uws\src\http.h(95,1): error C2664: "void v8::Template::Set(v8::Local<v8::Name>,v8::Local<v8::Data>,v8::PropertyAttribute)": невозможно преобразовать аргумент 1 из "v8::MaybeLocal<v8::String>" в "v8::Local<v8::Name>" [C:\Users\popov\vsprojs\react-app\node_modules\uws\build\uws.vcxproj]
C:\Users\popov\vsprojs\react-app\node_modules\uws\src\http.h(95,75): message : Для выполнения данного преобразования нет доступного оператора преобразования, определенного пользователем, или вызов оператора невозможен [C:\Users\popov\vsprojs\react-app\node_modules\uws\build\uws.vcxproj]
C:\Users\popov\AppData\Local\node-gyp\Cache\16.15.1\include\node\v8.h(6347,8): message : см. объявление "v8::Template::Set" [C:\Users\popov\vsprojs\react-app\node_modules\uws\build\uws.vcxproj]
C:\Users\popov\vsprojs\react-app\node_modules\uws\src\http.h(96,1): error C2664: "void v8::Template::Set(v8::Local<v8::Name>,v8::Local<v8::Data>,v8::PropertyAttribute)": невозможно преобразовать аргумент 1 из "v8::MaybeLocal<v8::String>" в "v8::Local<v8::Name>" [C:\Users\popov\vsprojs\react-app\node_modules\uws\build\uws.vcxproj]
C:\Users\popov\vsprojs\react-app\node_modules\uws\src\http.h(96,75): message : Для выполнения данного преобразования нет доступного оператора преобразования, определенного пользователем, или вызов оператора невозможен [C:\Users\popov\vsprojs\react-app\node_modules\uws\build\uws.vcxproj]
C:\Users\popov\AppData\Local\node-gyp\Cache\16.15.1\include\node\v8.h(6347,8): message : см. объявление "v8::Template::Set" [C:\Users\popov\vsprojs\react-app\node_modules\uws\build\uws.vcxproj]
C:\Users\popov\vsprojs\react-app\node_modules\uws\src\http.h(97,1): error C2664: "void v8::Template::Set(v8::Local<v8::Name>,v8::Local<v8::Data>,v8::PropertyAttribute)": невозможно преобразовать аргумент 1 из "v8::MaybeLocal<v8::String>" в "v8::Local<v8::Name>" [C:\Users\popov\vsprojs\react-app\node_modules\uws\build\uws.vcxproj]
C:\Users\popov\vsprojs\react-app\node_modules\uws\src\http.h(97,75): message : Для выполнения данного преобразования нет доступного оператора преобразования, определенного пользователем, или вызов оператора невозможен [C:\Users\popov\vsprojs\react-app\node_modules\uws\build\uws.vcxproj]
C:\Users\popov\AppData\Local\node-gyp\Cache\16.15.1\include\node\v8.h(6347,8): message : см. объявление "v8::Template::Set" [C:\Users\popov\vsprojs\react-app\node_modules\uws\build\uws.vcxproj]
C:\Users\popov\vsprojs\react-app\node_modules\uws\src\http.h(99,1): error C2660: v8::FunctionTemplate::GetFunction: функция не принимает 0 аргументов [C:\Users\popov\vsprojs\react-app\node_modules\uws\build\uws.vcxproj]
C:\Users\popov\AppData\Local\node-gyp\Cache\16.15.1\include\node\v8.h(6802,46): message : см. объявление "v8::FunctionTemplate::GetFunction" [C:\Users\popov\vsprojs\react-app\node_modules\uws\build\uws.vcxproj]
C:\Users\popov\vsprojs\react-app\node_modules\uws\src\http.h(102,30): error C2039: "SetNamedPropertyHandler": не является членом "v8::ObjectTemplate". [C:\Users\popov\vsprojs\react-app\node_modules\uws\build\uws.vcxproj]
C:\Users\popov\AppData\Local\node-gyp\Cache\16.15.1\include\node\v8.h(7094): message : см. объявление "v8::ObjectTemplate" [C:\Users\popov\vsprojs\react-app\node_modules\uws\build\uws.vcxproj]
C:\Users\popov\vsprojs\react-app\node_modules\uws\src\http.h(104,1): error C2660: v8::ObjectTemplate::NewInstance: функция не принимает 0 аргументов [C:\Users\popov\vsprojs\react-app\node_modules\uws\build\uws.vcxproj]
C:\Users\popov\AppData\Local\node-gyp\Cache\16.15.1\include\node\v8.h(7102,44): message : см. объявление "v8::ObjectTemplate::NewInstance" [C:\Users\popov\vsprojs\react-app\node_modules\uws\build\uws.vcxproj]
C:\Users\popov\vsprojs\react-app\node_modules\uws\src\http.h(104,1): error C2661: v8::Object::Set: нет перегруженной функции, принимающей 1 аргументов [C:\Users\popov\vsprojs\react-app\node_modules\uws\build\uws.vcxproj]
C:\Users\popov\vsprojs\react-app\node_modules\uws\src\http.h(137,1): error C2660: v8::Value::IntegerValue: функция не принимает 0 аргументов [C:\Users\popov\vsprojs\react-app\node_modules\uws\build\uws.vcxproj]
C:\Users\popov\AppData\Local\node-gyp\Cache\16.15.1\include\node\v8.h(3101,40): message : см. объявление "v8::Value::IntegerValue" [C:\Users\popov\vsprojs\react-app\node_modules\uws\build\uws.vcxproj]
C:\Users\popov\vsprojs\react-app\node_modules\uws\src\http.h(147,1): error C2660: v8::Value::ToObject: функция не принимает 0 аргументов [C:\Users\popov\vsprojs\react-app\node_modules\uws\build\uws.vcxproj]
C:\Users\popov\AppData\Local\node-gyp\Cache\16.15.1\include\node\v8.h(3060,44): message : см. объявление "v8::Value::ToObject" [C:\Users\popov\vsprojs\react-app\node_modules\uws\build\uws.vcxproj]
C:\Users\popov\vsprojs\react-app\node_modules\uws\src\http.h(148,1): error C2661: v8::Object::GetOwnPropertyNames: нет перегруженной функции, принимающей 0 аргументов [C:\Users\popov\vsprojs\react-app\node_modules\uws\build\uws.vcxproj]
C:\Users\popov\vsprojs\react-app\node_modules\uws\src\http.h(149,39): warning C4018: <: несоответствие типов со знаком и без знака [C:\Users\popov\vsprojs\react-app\node_modules\uws\build\uws.vcxproj]
C:\Users\popov\vsprojs\react-app\node_modules\uws\src\http.h(150,1): error C2661: v8::Object::Get: нет перегруженной функции, принимающей 1 аргументов [C:\Users\popov\vsprojs\react-app\node_modules\uws\build\uws.vcxproj]
C:\Users\popov\vsprojs\react-app\node_modules\uws\src\http.h(151,1): error C2661: v8::Object::Get: нет перегруженной функции, принимающей 1 аргументов [C:\Users\popov\vsprojs\react-app\node_modules\uws\build\uws.vcxproj]
C:\Users\popov\vsprojs\react-app\node_modules\uws\src\http.h(188,1): error C2664: "void v8::FunctionTemplate::SetClassName(v8::Local<v8::String>)": невозможно преобразовать аргумент 1 из "v8::MaybeLocal<v8::String>" в "v8::Local<v8::String>" [C:\Users\popov\vsprojs\react-app\node_modules\uws\build\uws.vcxproj]
C:\Users\popov\vsprojs\react-app\node_modules\uws\src\http.h(188,63): message : Для выполнения данного преобразования нет доступного оператора преобразования, определенного пользователем, или вызов оператора невозможен [C:\Users\popov\vsprojs\react-app\node_modules\uws\build\uws.vcxproj]
C:\Users\popov\AppData\Local\node-gyp\Cache\16.15.1\include\node\v8.h(6868,8): message : см. объявление "v8::FunctionTemplate::SetClassName" [C:\Users\popov\vsprojs\react-app\node_modules\uws\build\uws.vcxproj]
C:\Users\popov\vsprojs\react-app\node_modules\uws\src\http.h(190,1): error C2664: "void v8::Template::Set(v8::Local<v8::Name>,v8::Local<v8::Data>,v8::PropertyAttribute)": невозможно преобразовать аргумент 1 из "v8::MaybeLocal<v8::String>" в "v8::Local<v8::Name>" [C:\Users\popov\vsprojs\react-app\node_modules\uws\build\uws.vcxproj]
C:\Users\popov\vsprojs\react-app\node_modules\uws\src\http.h(190,75): message : Для выполнения данного преобразования нет доступного оператора преобразования, определенного пользователем, или вызов оператора невозможен [C:\Users\popov\vsprojs\react-app\node_modules\uws\build\uws.vcxproj]
C:\Users\popov\AppData\Local\node-gyp\Cache\16.15.1\include\node\v8.h(6347,8): message : см. объявление "v8::Template::Set" [C:\Users\popov\vsprojs\react-app\node_modules\uws\build\uws.vcxproj]
C:\Users\popov\vsprojs\react-app\node_modules\uws\src\http.h(191,1): error C2664: "void v8::Template::Set(v8::Local<v8::Name>,v8::Local<v8::Data>,v8::PropertyAttribute)": невозможно преобразовать аргумент 1 из "v8::MaybeLocal<v8::String>" в "v8::Local<v8::Name>" [C:\Users\popov\vsprojs\react-app\node_modules\uws\build\uws.vcxproj]
C:\Users\popov\vsprojs\react-app\node_modules\uws\src\http.h(191,75): message : Для выполнения данного преобразования нет доступного оператора преобразования, определенного пользователем, или вызов оператора невозможен [C:\Users\popov\vsprojs\react-app\node_modules\uws\build\uws.vcxproj]
C:\Users\popov\AppData\Local\node-gyp\Cache\16.15.1\include\node\v8.h(6347,8): message : см. объявление "v8::Template::Set" [C:\Users\popov\vsprojs\react-app\node_modules\uws\build\uws.vcxproj]
C:\Users\popov\vsprojs\react-app\node_modules\uws\src\http.h(192,1): error C2664: "void v8::Template::Set(v8::Local<v8::Name>,v8::Local<v8::Data>,v8::PropertyAttribute)": невозможно преобразовать аргумент 1 из "v8::MaybeLocal<v8::String>" в "v8::Local<v8::Name>" [C:\Users\popov\vsprojs\react-app\node_modules\uws\build\uws.vcxproj]
C:\Users\popov\vsprojs\react-app\node_modules\uws\src\http.h(192,75): message : Для выполнения данного преобразования нет доступного оператора преобразования, определенного пользователем, или вызов оператора невозможен [C:\Users\popov\vsprojs\react-app\node_modules\uws\build\uws.vcxproj]
C:\Users\popov\AppData\Local\node-gyp\Cache\16.15.1\include\node\v8.h(6347,8): message : см. объявление "v8::Template::Set" [C:\Users\popov\vsprojs\react-app\node_modules\uws\build\uws.vcxproj]
C:\Users\popov\vsprojs\react-app\node_modules\uws\src\http.h(193,1): error C2664: "void v8::Template::Set(v8::Local<v8::Name>,v8::Local<v8::Data>,v8::PropertyAttribute)": невозможно преобразовать аргумент 1 из "v8::MaybeLocal<v8::String>" в "v8::Local<v8::Name>" [C:\Users\popov\vsprojs\react-app\node_modules\uws\build\uws.vcxproj]
C:\Users\popov\vsprojs\react-app\node_modules\uws\src\http.h(193,75): message : Для выполнения данного преобразования нет доступного оператора преобразования, определенного пользователем, или вызов оператора невозможен [C:\Users\popov\vsprojs\react-app\node_modules\uws\build\uws.vcxproj]
C:\Users\popov\AppData\Local\node-gyp\Cache\16.15.1\include\node\v8.h(6347,8): message : см. объявление "v8::Template::Set" [C:\Users\popov\vsprojs\react-app\node_modules\uws\build\uws.vcxproj]
C:\Users\popov\vsprojs\react-app\node_modules\uws\src\http.h(194,1): error C2664: "void v8::Template::Set(v8::Local<v8::Name>,v8::Local<v8::Data>,v8::PropertyAttribute)": невозможно преобразовать аргумент 1 из "v8::MaybeLocal<v8::String>" в "v8::Local<v8::Name>" [C:\Users\popov\vsprojs\react-app\node_modules\uws\build\uws.vcxproj]
C:\Users\popov\vsprojs\react-app\node_modules\uws\src\http.h(194,75): message : Для выполнения данного преобразования нет доступного оператора преобразования, определенного пользователем, или вызов оператора невозможен [C:\Users\popov\vsprojs\react-app\node_modules\uws\build\uws.vcxproj]
C:\Users\popov\AppData\Local\node-gyp\Cache\16.15.1\include\node\v8.h(6347,8): message : см. объявление "v8::Template::Set" [C:\Users\popov\vsprojs\react-app\node_modules\uws\build\uws.vcxproj]
C:\Users\popov\vsprojs\react-app\node_modules\uws\src\http.h(195,1): error C2664: "void v8::Template::Set(v8::Local<v8::Name>,v8::Local<v8::Data>,v8::PropertyAttribute)": невозможно преобразовать аргумент 1 из "v8::MaybeLocal<v8::String>" в "v8::Local<v8::Name>" [C:\Users\popov\vsprojs\react-app\node_modules\uws\build\uws.vcxproj]
C:\Users\popov\vsprojs\react-app\node_modules\uws\src\http.h(195,75): message : Для выполнения данного преобразования нет доступного оператора преобразования, определенного пользователем, или вызов оператора невозможен [C:\Users\popov\vsprojs\react-app\node_modules\uws\build\uws.vcxproj]
C:\Users\popov\AppData\Local\node-gyp\Cache\16.15.1\include\node\v8.h(6347,8): message : см. объявление "v8::Template::Set" [C:\Users\popov\vsprojs\react-app\node_modules\uws\build\uws.vcxproj]
C:\Users\popov\vsprojs\react-app\node_modules\uws\src\http.h(196,1): error C2660: v8::FunctionTemplate::GetFunction: функция не принимает 0 аргументов [C:\Users\popov\vsprojs\react-app\node_modules\uws\build\uws.vcxproj]
C:\Users\popov\AppData\Local\node-gyp\Cache\16.15.1\include\node\v8.h(6802,46): message : см. объявление "v8::FunctionTemplate::GetFunction" [C:\Users\popov\vsprojs\react-app\node_modules\uws\build\uws.vcxproj]
C:\Users\popov\vsprojs\react-app\node_modules\uws\src\http.h(226,1): warning C4312: приведение типов: преобразование из "long" в "void *" большего размера [C:\Users\popov\vsprojs\react-app\node_modules\uws\build\uws.vcxproj]
C:\Users\popov\vsprojs\react-app\node_modules\uws\src\http.h(227,116): error C2039: "kNormalString": не является членом "v8::String". [C:\Users\popov\vsprojs\react-app\node_modules\uws\build\uws.vcxproj]
C:\Users\popov\AppData\Local\node-gyp\Cache\16.15.1\include\node\v8.h(3198): message : см. объявление "v8::String" [C:\Users\popov\vsprojs\react-app\node_modules\uws\build\uws.vcxproj]
C:\Users\popov\vsprojs\react-app\node_modules\uws\src\http.h(227,1): error C2065: kNormalString: необъявленный идентификатор [C:\Users\popov\vsprojs\react-app\node_modules\uws\build\uws.vcxproj]
C:\Users\popov\vsprojs\react-app\node_modules\uws\src\http.h(227,1): error C2660: v8::Object::SetInternalField: функция не принимает 1 аргументов [C:\Users\popov\vsprojs\react-app\node_modules\uws\build\uws.vcxproj]
C:\Users\popov\AppData\Local\node-gyp\Cache\16.15.1\include\node\v8.h(4198,8): message : см. объявление "v8::Object::SetInternalField" [C:\Users\popov\vsprojs\react-app\node_modules\uws\build\uws.vcxproj]
C:\Users\popov\vsprojs\react-app\node_modules\uws\src\http.h(230,1): error C2660: v8::Function::Call: функция не принимает 3 аргументов [C:\Users\popov\vsprojs\react-app\node_modules\uws\build\uws.vcxproj]
C:\Users\popov\AppData\Local\node-gyp\Cache\16.15.1\include\node\v8.h(4776,43): message : см. объявление "v8::Function::Call" [C:\Users\popov\vsprojs\react-app\node_modules\uws\build\uws.vcxproj]
C:\Users\popov\vsprojs\react-app\node_modules\uws\src\http.h(236,1): error C2660: v8::Function::Call: функция не принимает 3 аргументов [C:\Users\popov\vsprojs\react-app\node_modules\uws\build\uws.vcxproj]
C:\Users\popov\AppData\Local\node-gyp\Cache\16.15.1\include\node\v8.h(4776,43): message : см. объявление "v8::Function::Call" [C:\Users\popov\vsprojs\react-app\node_modules\uws\build\uws.vcxproj]
C:\Users\popov\vsprojs\react-app\node_modules\uws\src\http.h(242,1): error C2660: v8::Function::Call: функция не принимает 3 аргументов [C:\Users\popov\vsprojs\react-app\node_modules\uws\build\uws.vcxproj]
C:\Users\popov\AppData\Local\node-gyp\Cache\16.15.1\include\node\v8.h(4776,43): message : см. объявление "v8::Function::Call" [C:\Users\popov\vsprojs\react-app\node_modules\uws\build\uws.vcxproj]
C:\Users\popov\vsprojs\react-app\node_modules\uws\src\http.h(235,57): warning C4996: 'v8::ArrayBuffer::New': Use the version that takes a BackingStore. See http://crbug.com/v8/9908. [C:\Users\popov\vsprojs\react-app\node_modules\uws\build\uws.vcxproj]
C:\Users\popov\vsprojs\react-app\node_modules\uws\src\http.h(265,1): error C2660: v8::Function::Call: функция не принимает 3 аргументов [C:\Users\popov\vsprojs\react-app\node_modules\uws\build\uws.vcxproj]
C:\Users\popov\AppData\Local\node-gyp\Cache\16.15.1\include\node\v8.h(4776,43): message : см. объявление "v8::Function::Call" [C:\Users\popov\vsprojs\react-app\node_modules\uws\build\uws.vcxproj]
C:\Users\popov\vsprojs\react-app\node_modules\uws\src\http.h(280,1): error C2660: v8::Function::Call: функция не принимает 3 аргументов [C:\Users\popov\vsprojs\react-app\node_modules\uws\build\uws.vcxproj]
C:\Users\popov\AppData\Local\node-gyp\Cache\16.15.1\include\node\v8.h(4776,43): message : см. объявление "v8::Function::Call" [C:\Users\popov\vsprojs\react-app\node_modules\uws\build\uws.vcxproj]
C:\Users\popov\vsprojs\react-app\node_modules\uws\src\http.h(286,1): error C2660: v8::Function::Call: функция не принимает 3 аргументов [C:\Users\popov\vsprojs\react-app\node_modules\uws\build\uws.vcxproj]
C:\Users\popov\AppData\Local\node-gyp\Cache\16.15.1\include\node\v8.h(4776,43): message : см. объявление "v8::Function::Call" [C:\Users\popov\vsprojs\react-app\node_modules\uws\build\uws.vcxproj]
C:\Users\popov\vsprojs\react-app\node_modules\uws\src\http.h(279,53): warning C4996: 'v8::ArrayBuffer::New': Use the version that takes a BackingStore. See http://crbug.com/v8/9908. [C:\Users\popov\vsprojs\react-app\node_modules\uws\build\uws.vcxproj]
C:\Users\popov\vsprojs\react-app\node_modules\uws\src\http.h(293,1): error C2661: v8::Function::NewInstance: нет перегруженной функции, принимающей 0 аргументов [C:\Users\popov\vsprojs\react-app\node_modules\uws\build\uws.vcxproj]
C:\Users\popov\vsprojs\react-app\node_modules\uws\src\http.h(308,1): error C2660: v8::Value::IntegerValue: функция не принимает 0 аргументов [C:\Users\popov\vsprojs\react-app\node_modules\uws\build\uws.vcxproj]
C:\Users\popov\AppData\Local\node-gyp\Cache\16.15.1\include\node\v8.h(3101,40): message : см. объявление "v8::Value::IntegerValue" [C:\Users\popov\vsprojs\react-app\node_modules\uws\build\uws.vcxproj]
C:\Users\popov\vsprojs\react-app\node_modules\uws\src\http.h(311,1): error C2660: v8::Function::Call: функция не принимает 3 аргументов [C:\Users\popov\vsprojs\react-app\node_modules\uws\build\uws.vcxproj]
C:\Users\popov\AppData\Local\node-gyp\Cache\16.15.1\include\node\v8.h(4776,43): message : см. объявление "v8::Function::Call" [C:\Users\popov\vsprojs\react-app\node_modules\uws\build\uws.vcxproj]
C:\Users\popov\vsprojs\react-app\node_modules\uws\src\http.h(320,1): error C2661: v8::Object::Get: нет перегруженной функции, принимающей 1 аргументов [C:\Users\popov\vsprojs\react-app\node_modules\uws\build\uws.vcxproj]
C:\Users\popov\vsprojs\react-app\node_modules\uws\src\http.h(321,1): error C2661: v8::Object::Get: нет перегруженной функции, принимающей 1 аргументов [C:\Users\popov\vsprojs\react-app\node_modules\uws\build\uws.vcxproj]
C:\Users\popov\vsprojs\react-app\node_modules\uws\src\http.h(327,1): error C2661: v8::Function::NewInstance: нет перегруженной функции, принимающей 0 аргументов [C:\Users\popov\vsprojs\react-app\node_modules\uws\build\uws.vcxproj]
C:\Users\popov\vsprojs\react-app\node_modules\uws\src\http.h(343,1): error C2664: "void v8::Template::Set(v8::Local<v8::Name>,v8::Local<v8::Data>,v8::PropertyAttribute)": невозможно преобразовать аргумент 1 из "v8::MaybeLocal<v8::String>" в "v8::Local<v8::Name>" [C:\Users\popov\vsprojs\react-app\node_modules\uws\build\uws.vcxproj]
C:\Users\popov\vsprojs\react-app\node_modules\uws\src\http.h(343,44): message : Для выполнения данного преобразования нет доступного оператора преобразования, определенного пользователем, или вызов оператора невозможен [C:\Users\popov\vsprojs\react-app\node_modules\uws\build\uws.vcxproj]
C:\Users\popov\AppData\Local\node-gyp\Cache\16.15.1\include\node\v8.h(6347,8): message : см. объявление "v8::Template::Set" [C:\Users\popov\vsprojs\react-app\node_modules\uws\build\uws.vcxproj]
C:\Users\popov\vsprojs\react-app\node_modules\uws\src\http.h(344,1): error C2664: "void v8::Template::Set(v8::Local<v8::Name>,v8::Local<v8::Data>,v8::PropertyAttribute)": невозможно преобразовать аргумент 1 из "v8::MaybeLocal<v8::String>" в "v8::Local<v8::Name>" [C:\Users\popov\vsprojs\react-app\node_modules\uws\build\uws.vcxproj]
C:\Users\popov\vsprojs\react-app\node_modules\uws\src\http.h(344,44): message : Для выполнения данного преобразования нет доступного оператора преобразования, определенного пользователем, или вызов оператора невозможен [C:\Users\popov\vsprojs\react-app\node_modules\uws\build\uws.vcxproj]
C:\Users\popov\AppData\Local\node-gyp\Cache\16.15.1\include\node\v8.h(6347,8): message : см. объявление "v8::Template::Set" [C:\Users\popov\vsprojs\react-app\node_modules\uws\build\uws.vcxproj]
C:\Users\popov\vsprojs\react-app\node_modules\uws\src\http.h(345,1): error C2664: "void v8::Template::Set(v8::Local<v8::Name>,v8::Local<v8::Data>,v8::PropertyAttribute)": невозможно преобразовать аргумент 1 из "v8::MaybeLocal<v8::String>" в "v8::Local<v8::Name>" [C:\Users\popov\vsprojs\react-app\node_modules\uws\build\uws.vcxproj]
C:\Users\popov\vsprojs\react-app\node_modules\uws\src\http.h(345,44): message : Для выполнения данного преобразования нет доступного оператора преобразования, определенного пользователем, или вызов оператора невозможен [C:\Users\popov\vsprojs\react-app\node_modules\uws\build\uws.vcxproj]
C:\Users\popov\AppData\Local\node-gyp\Cache\16.15.1\include\node\v8.h(6347,8): message : см. объявление "v8::Template::Set" [C:\Users\popov\vsprojs\react-app\node_modules\uws\build\uws.vcxproj]
C:\Users\popov\vsprojs\react-app\node_modules\uws\src\http.h(346,1): error C2664: "void v8::Template::Set(v8::Local<v8::Name>,v8::Local<v8::Data>,v8::PropertyAttribute)": невозможно преобразовать аргумент 1 из "v8::MaybeLocal<v8::String>" в "v8::Local<v8::Name>" [C:\Users\popov\vsprojs\react-app\node_modules\uws\build\uws.vcxproj]
C:\Users\popov\vsprojs\react-app\node_modules\uws\src\http.h(346,44): message : Для выполнения данного преобразования нет доступного оператора преобразования, определенного пользователем, или вызов оператора невозможен [C:\Users\popov\vsprojs\react-app\node_modules\uws\build\uws.vcxproj]
C:\Users\popov\AppData\Local\node-gyp\Cache\16.15.1\include\node\v8.h(6347,8): message : см. объявление "v8::Template::Set" [C:\Users\popov\vsprojs\react-app\node_modules\uws\build\uws.vcxproj]
C:\Users\popov\vsprojs\react-app\node_modules\uws\src\http.h(347,1): error C2664: "void v8::Template::Set(v8::Local<v8::Name>,v8::Local<v8::Data>,v8::PropertyAttribute)": невозможно преобразовать аргумент 1 из "v8::MaybeLocal<v8::String>" в "v8::Local<v8::Name>" [C:\Users\popov\vsprojs\react-app\node_modules\uws\build\uws.vcxproj]
C:\Users\popov\vsprojs\react-app\node_modules\uws\src\http.h(347,65): message : Для выполнения данного преобразования нет доступного оператора преобразования, определенного пользователем, или вызов оператора невозможен [C:\Users\popov\vsprojs\react-app\node_modules\uws\build\uws.vcxproj]
C:\Users\popov\AppData\Local\node-gyp\Cache\16.15.1\include\node\v8.h(6347,8): message : см. объявление "v8::Template::Set" [C:\Users\popov\vsprojs\react-app\node_modules\uws\build\uws.vcxproj]
C:\Users\popov\vsprojs\react-app\node_modules\uws\src\http.h(348,1): error C2664: "void v8::Template::Set(v8::Local<v8::Name>,v8::Local<v8::Data>,v8::PropertyAttribute)": невозможно преобразовать аргумент 1 из "v8::MaybeLocal<v8::String>" в "v8::Local<v8::Name>" [C:\Users\popov\vsprojs\react-app\node_modules\uws\build\uws.vcxproj]
C:\Users\popov\vsprojs\react-app\node_modules\uws\src\http.h(348,65): message : Для выполнения данного преобразования нет доступного оператора преобразования, определенного пользователем, или вызов оператора невозможен [C:\Users\popov\vsprojs\react-app\node_modules\uws\build\uws.vcxproj]
C:\Users\popov\AppData\Local\node-gyp\Cache\16.15.1\include\node\v8.h(6347,8): message : см. объявление "v8::Template::Set" [C:\Users\popov\vsprojs\react-app\node_modules\uws\build\uws.vcxproj]
C:\Users\popov\vsprojs\react-app\node_modules\uws\src\http.h(353,1): error C2660: v8::FunctionTemplate::GetFunction: функция не принимает 0 аргументов [C:\Users\popov\vsprojs\react-app\node_modules\uws\build\uws.vcxproj]
C:\Users\popov\AppData\Local\node-gyp\Cache\16.15.1\include\node\v8.h(6802,46): message : см. объявление "v8::FunctionTemplate::GetFunction" [C:\Users\popov\vsprojs\react-app\node_modules\uws\build\uws.vcxproj]
C:\Users\popov\vsprojs\react-app\node_modules\uws\src\addon.cpp(8,96): error C2661: v8::Object::Set: нет перегруженной функции, принимающей 2 аргументов [C:\Users\popov\vsprojs\react-app\node_modules\uws\build\uws.vcxproj]
C:\Users\popov\vsprojs\react-app\node_modules\uws\src\addon.cpp(9,96): error C2661: v8::Object::Set: нет перегруженной функции, принимающей 2 аргументов [C:\Users\popov\vsprojs\react-app\node_modules\uws\build\uws.vcxproj]
C:\Users\popov\vsprojs\react-app\node_modules\uws\src\addon.cpp(10,96): error C2661: v8::Object::Set: нет перегруженной функции, принимающей 2 аргументов [C:\Users\popov\vsprojs\react-app\node_modules\uws\build\uws.vcxproj]
gyp ERR! build error 
gyp ERR! stack Error: `C:\Program Files\Microsoft Visual Studio\2022\Community\MSBuild\Current\Bin\MSBuild.exe` failed with exit code: 1
gyp ERR! stack     at ChildProcess.onExit (C:\Program Files\nodejs\node_modules\npm\node_modules\node-gyp\lib\build.js:194:23)
gyp ERR! stack     at ChildProcess.emit (node:events:527:28)
gyp ERR! stack     at Process.ChildProcess._handle.onexit (node:internal/child_process:291:12)
gyp ERR! System Windows_NT 10.0.19043
gyp ERR! command "C:\\Program Files\\nodejs\\node.exe" "C:\\Program Files\\nodejs\\node_modules\\npm\\node_modules\\node-gyp\\bin\\node-gyp.js" "rebuild"
gyp ERR! cwd C:\Users\popov\vsprojs\react-app\node_modules\uws
gyp ERR! node -v v16.15.1
gyp ERR! node-gyp -v v9.0.0
gyp ERR! not ok 
